<?xml version="1.0" encoding="utf-8"?><testsuites name="pytest tests"><testsuite name="pytest" errors="0" failures="0" skipped="0" tests="13" time="1.215" timestamp="2026-08-16T02:13:08.654902+00:00" hostname="agent-env-04e5fc26-65f2-4dcc-ada3-370e0d22adba"><testcase classname="backend.tests.backend_test.TestHealth" name="test_root" time="0.239" /><testcase classname="backend.tests.backend_test.TestCreateScore" name="test_create_basic" time="0.054" /><testcase classname="backend.tests.backend_test.TestCreateScore" name="test_create_empty_name_defaults_to_guest" time="0.043" /><testcase classname="backend.tests.backend_test.TestCreateScore" name="test_create_missing_or_empty_name_defaults" time="0.045" /><testcase classname="backend.tests.backend_test.TestCreateScore" name="test_create_name_truncated_to_16" time="0.043" /><testcase classname="backend.tests.backend_test.TestCreateScore" name="test_create_negative_score_clamped" time="0.045" /><testcase classname="backend.tests.backend_test.TestCreateScore" name="test_create_persists_and_appears_in_top" time="0.082" /><testcase classname="backend.tests.backend_test.TestTopScores" name="test_top_sorted_desc" time="0.278" /><testcase classname="backend.tests.backend_test.TestTopScores" name="test_top_limit_respected" time="0.081" /><testcase classname="backend.tests.backend_test.TestTopScores" name="test_top_limit_default" time="0.042" /><testcase classname="backend.tests.backend_test.TestRank" name="test_rank_shape" time="0.042" /><testcase classname="backend.tests.backend_test.TestRank" name="test_rank_high_score_is_first" time="0.086" /><testcase classname="backend.tests.backend_test.TestRank" name="test_rank_missing_param" time="0.044" /></testsuite></testsuites>