<?xml version="1.0" encoding="utf-8"?><testsuites name="pytest tests"><testsuite name="pytest" errors="0" failures="0" skipped="0" tests="12" time="1.071" timestamp="2026-07-14T02:27:15.994931+00:00" hostname="agent-env-04e5fc26-65f2-4dcc-ada3-370e0d22adba"><testcase classname="tests.backend_test.TestHealth" name="test_root" time="0.255" /><testcase classname="tests.backend_test.TestCreateScore" name="test_create_japanese_name" time="0.064" /><testcase classname="tests.backend_test.TestCreateScore" name="test_create_empty_name_defaults" time="0.046" /><testcase classname="tests.backend_test.TestCreateScore" name="test_create_name_truncated_to_16" time="0.045" /><testcase classname="tests.backend_test.TestCreateScore" name="test_create_negative_score_clamped" time="0.046" /><testcase classname="tests.backend_test.TestCreateScore" name="test_create_persists_and_appears_in_top" time="0.091" /><testcase classname="tests.backend_test.TestTopScores" name="test_top_sorted_desc" time="0.184" /><testcase classname="tests.backend_test.TestTopScores" name="test_top_limit_clamped_and_respected" time="0.044" /><testcase classname="tests.backend_test.TestTopScores" name="test_top_limit_default" time="0.045" /><testcase classname="tests.backend_test.TestRank" name="test_rank_shape" time="0.046" /><testcase classname="tests.backend_test.TestRank" name="test_rank_high_score_is_first" time="0.098" /><testcase classname="tests.backend_test.TestRank" name="test_rank_missing_param_400" time="0.044" /></testsuite></testsuites>